{"C:\\projects\\react-delay-fallback\\src\\Delay\\index.tsx": {"path":"C:\\projects\\react-delay-fallback\\src\\Delay\\index.tsx","statementMap":{"0":{"start":{"line":1,"column":0},"end":{"line":1,"column":66}},"1":{"start":{"line":2,"column":0},"end":{"line":2,"column":35}},"2":{"start":{"line":3,"column":0},"end":{"line":3,"column":0}},"3":{"start":{"line":4,"column":0},"end":{"line":4,"column":29}},"4":{"start":{"line":5,"column":0},"end":{"line":5,"column":36}},"5":{"start":{"line":6,"column":0},"end":{"line":6,"column":21}},"6":{"start":{"line":7,"column":0},"end":{"line":7,"column":64}},"7":{"start":{"line":8,"column":0},"end":{"line":8,"column":25}},"8":{"start":{"line":9,"column":0},"end":{"line":9,"column":41}},"9":{"start":{"line":10,"column":0},"end":{"line":10,"column":52}},"10":{"start":{"line":11,"column":0},"end":{"line":11,"column":25}},"11":{"start":{"line":12,"column":0},"end":{"line":12,"column":1}},"12":{"start":{"line":13,"column":0},"end":{"line":13,"column":0}},"13":{"start":{"line":14,"column":0},"end":{"line":14,"column":94}},"14":{"start":{"line":15,"column":0},"end":{"line":15,"column":89}},"15":{"start":{"line":16,"column":0},"end":{"line":16,"column":39}},"16":{"start":{"line":17,"column":0},"end":{"line":17,"column":70}},"17":{"start":{"line":18,"column":0},"end":{"line":18,"column":0}},"18":{"start":{"line":19,"column":0},"end":{"line":19,"column":14}},"19":{"start":{"line":20,"column":0},"end":{"line":20,"column":21}},"20":{"start":{"line":21,"column":0},"end":{"line":21,"column":47}},"21":{"start":{"line":22,"column":0},"end":{"line":22,"column":10}},"22":{"start":{"line":23,"column":0},"end":{"line":23,"column":11}},"23":{"start":{"line":24,"column":0},"end":{"line":24,"column":6}},"24":{"start":{"line":25,"column":0},"end":{"line":25,"column":0}},"25":{"start":{"line":26,"column":0},"end":{"line":26,"column":23}},"26":{"start":{"line":27,"column":0},"end":{"line":27,"column":36}},"27":{"start":{"line":28,"column":0},"end":{"line":28,"column":33}},"28":{"start":{"line":29,"column":0},"end":{"line":29,"column":27}},"29":{"start":{"line":30,"column":0},"end":{"line":30,"column":20}},"30":{"start":{"line":31,"column":0},"end":{"line":31,"column":31}},"31":{"start":{"line":32,"column":0},"end":{"line":32,"column":5}},"32":{"start":{"line":33,"column":0},"end":{"line":33,"column":0}},"33":{"start":{"line":34,"column":0},"end":{"line":34,"column":51}},"34":{"start":{"line":35,"column":0},"end":{"line":35,"column":0}},"35":{"start":{"line":36,"column":0},"end":{"line":36,"column":27}},"36":{"start":{"line":37,"column":0},"end":{"line":37,"column":2}},"37":{"start":{"line":38,"column":0},"end":{"line":38,"column":0}},"38":{"start":{"line":39,"column":0},"end":{"line":39,"column":19}},"39":{"start":{"line":40,"column":0},"end":{"line":40,"column":30}},"40":{"start":{"line":41,"column":0},"end":{"line":41,"column":29}},"41":{"start":{"line":42,"column":0},"end":{"line":42,"column":29}},"42":{"start":{"line":43,"column":0},"end":{"line":43,"column":40}},"43":{"start":{"line":44,"column":0},"end":{"line":44,"column":2}}},"s":{"0":1,"1":1,"2":1,"3":1,"4":1,"5":1,"6":1,"7":1,"8":1,"9":1,"10":1,"11":1,"12":1,"13":1,"14":1,"15":13,"16":13,"17":13,"18":13,"19":13,"20":8,"21":13,"22":13,"23":13,"24":13,"25":13,"26":6,"27":3,"28":3,"29":6,"30":6,"31":6,"32":7,"33":13,"34":7,"35":7,"36":7,"37":1,"38":1,"39":1,"40":1,"41":1,"42":1,"43":1},"branchMap":{"0":{"type":"branch","line":44,"loc":{"start":{"line":44,"column":2},"end":{"line":44,"column":2}},"locations":[{"start":{"line":44,"column":2},"end":{"line":44,"column":2}}]},"1":{"type":"branch","line":44,"loc":{"start":{"line":44,"column":2},"end":{"line":44,"column":2}},"locations":[{"start":{"line":44,"column":2},"end":{"line":44,"column":2}}]},"2":{"type":"branch","line":44,"loc":{"start":{"line":44,"column":2},"end":{"line":44,"column":2}},"locations":[{"start":{"line":44,"column":2},"end":{"line":44,"column":2}}]},"3":{"type":"branch","line":44,"loc":{"start":{"line":44,"column":2},"end":{"line":44,"column":2}},"locations":[{"start":{"line":44,"column":2},"end":{"line":44,"column":2}}]},"4":{"type":"branch","line":44,"loc":{"start":{"line":44,"column":2},"end":{"line":44,"column":2}},"locations":[{"start":{"line":44,"column":2},"end":{"line":44,"column":2}}]},"5":{"type":"branch","line":44,"loc":{"start":{"line":44,"column":2},"end":{"line":44,"column":2}},"locations":[{"start":{"line":44,"column":2},"end":{"line":44,"column":2}}]},"6":{"type":"branch","line":44,"loc":{"start":{"line":44,"column":2},"end":{"line":44,"column":2}},"locations":[{"start":{"line":44,"column":2},"end":{"line":44,"column":2}}]},"7":{"type":"branch","line":44,"loc":{"start":{"line":44,"column":2},"end":{"line":44,"column":2}},"locations":[{"start":{"line":44,"column":2},"end":{"line":44,"column":2}}]},"8":{"type":"branch","line":44,"loc":{"start":{"line":44,"column":2},"end":{"line":44,"column":2}},"locations":[{"start":{"line":44,"column":2},"end":{"line":44,"column":2}}]},"9":{"type":"branch","line":44,"loc":{"start":{"line":44,"column":2},"end":{"line":44,"column":2}},"locations":[{"start":{"line":44,"column":2},"end":{"line":44,"column":2}}]},"10":{"type":"branch","line":44,"loc":{"start":{"line":44,"column":2},"end":{"line":44,"column":2}},"locations":[{"start":{"line":44,"column":2},"end":{"line":44,"column":2}}]},"11":{"type":"branch","line":44,"loc":{"start":{"line":44,"column":2},"end":{"line":44,"column":2}},"locations":[{"start":{"line":44,"column":2},"end":{"line":44,"column":2}}]},"12":{"type":"branch","line":15,"loc":{"start":{"line":15,"column":37},"end":{"line":37,"column":2}},"locations":[{"start":{"line":15,"column":37},"end":{"line":37,"column":2}}]},"13":{"type":"branch","line":15,"loc":{"start":{"line":15,"column":47},"end":{"line":15,"column":51}},"locations":[{"start":{"line":15,"column":47},"end":{"line":15,"column":51}}]},"14":{"type":"branch","line":15,"loc":{"start":{"line":15,"column":51},"end":{"line":15,"column":53}},"locations":[{"start":{"line":15,"column":51},"end":{"line":15,"column":53}}]},"15":{"type":"branch","line":26,"loc":{"start":{"line":26,"column":22},"end":{"line":32,"column":5}},"locations":[{"start":{"line":26,"column":22},"end":{"line":32,"column":5}}]},"16":{"type":"branch","line":32,"loc":{"start":{"line":32,"column":5},"end":{"line":34,"column":48}},"locations":[{"start":{"line":32,"column":5},"end":{"line":34,"column":48}}]},"17":{"type":"branch","line":34,"loc":{"start":{"line":34,"column":40},"end":{"line":34,"column":51}},"locations":[{"start":{"line":34,"column":40},"end":{"line":34,"column":51}}]},"18":{"type":"branch","line":34,"loc":{"start":{"line":34,"column":51},"end":{"line":37,"column":2}},"locations":[{"start":{"line":34,"column":51},"end":{"line":37,"column":2}}]},"19":{"type":"branch","line":20,"loc":{"start":{"line":20,"column":8},"end":{"line":20,"column":21}},"locations":[{"start":{"line":20,"column":8},"end":{"line":20,"column":21}}]},"20":{"type":"branch","line":20,"loc":{"start":{"line":20,"column":14},"end":{"line":22,"column":9}},"locations":[{"start":{"line":20,"column":14},"end":{"line":22,"column":9}}]},"21":{"type":"branch","line":21,"loc":{"start":{"line":21,"column":25},"end":{"line":21,"column":47}},"locations":[{"start":{"line":21,"column":25},"end":{"line":21,"column":47}}]},"22":{"type":"branch","line":27,"loc":{"start":{"line":27,"column":29},"end":{"line":30,"column":9}},"locations":[{"start":{"line":27,"column":29},"end":{"line":30,"column":9}}]}},"b":{"0":[1],"1":[0],"2":[0],"3":[29],"4":[26],"5":[0],"6":[1],"7":[1],"8":[0],"9":[29],"10":[1],"11":[0],"12":[13],"13":[3],"14":[10],"15":[6],"16":[7],"17":[1],"18":[7],"19":[9],"20":[8],"21":[2],"22":[3]},"fnMap":{"0":{"name":"get","decl":{"start":{"line":44,"column":2},"end":{"line":44,"column":2}},"loc":{"start":{"line":44,"column":2},"end":{"line":44,"column":2}},"line":44},"1":{"name":"__setModuleDefault","decl":{"start":{"line":44,"column":2},"end":{"line":44,"column":2}},"loc":{"start":{"line":44,"column":2},"end":{"line":44,"column":2}},"line":44},"2":{"name":"__importStar","decl":{"start":{"line":44,"column":2},"end":{"line":44,"column":2}},"loc":{"start":{"line":44,"column":2},"end":{"line":44,"column":2}},"line":44},"3":{"name":"__importDefault","decl":{"start":{"line":44,"column":2},"end":{"line":44,"column":2}},"loc":{"start":{"line":44,"column":2},"end":{"line":44,"column":2}},"line":44},"4":{"name":"exports.Delay","decl":{"start":{"line":15,"column":37},"end":{"line":37,"column":2}},"loc":{"start":{"line":15,"column":37},"end":{"line":37,"column":2}},"line":15}},"f":{"0":26,"1":0,"2":1,"3":1,"4":13}}
}
