TN:
SF:src\Delay\index.tsx
FN:46,get
FN:46,__setModuleDefault
FN:46,__importStar
FN:46,__importDefault
FN:15,Delay
FNF:5
FNH:4
FNDA:26,get
FNDA:0,__setModuleDefault
FNDA:1,__importStar
FNDA:1,__importDefault
FNDA:13,Delay
DA:1,1
DA:2,1
DA:3,1
DA:4,1
DA:5,1
DA:6,1
DA:7,1
DA:8,1
DA:9,1
DA:10,1
DA:11,1
DA:12,1
DA:13,1
DA:14,1
DA:15,1
DA:16,13
DA:17,13
DA:18,13
DA:19,13
DA:20,13
DA:21,8
DA:22,13
DA:23,13
DA:24,13
DA:25,13
DA:26,13
DA:27,6
DA:28,3
DA:29,3
DA:30,6
DA:31,6
DA:32,6
DA:33,7
DA:34,13
DA:35,7
DA:36,7
DA:37,7
DA:38,1
DA:39,1
DA:40,1
DA:41,1
DA:42,1
DA:43,1
DA:44,1
DA:45,1
DA:46,1
LF:46
LH:46
BRDA:46,0,0,1
BRDA:46,1,0,0
BRDA:46,2,0,0
BRDA:46,3,0,29
BRDA:46,4,0,26
BRDA:46,5,0,0
BRDA:46,6,0,1
BRDA:46,7,0,1
BRDA:46,8,0,0
BRDA:46,9,0,29
BRDA:46,10,0,1
BRDA:46,11,0,0
BRDA:15,12,0,13
BRDA:15,13,0,3
BRDA:15,14,0,10
BRDA:26,15,0,6
BRDA:32,16,0,7
BRDA:34,17,0,1
BRDA:34,18,0,7
BRDA:20,19,0,9
BRDA:20,20,0,8
BRDA:21,21,0,2
BRDA:27,22,0,3
BRF:23
BRH:18
end_of_record
