TN:
SF:src\Delay\index.tsx
FN:15,Delay
FNF:1
FNH:1
FNDA:15,Delay
DA:1,1
DA:2,1
DA:3,1
DA:4,1
DA:5,1
DA:6,1
DA:7,1
DA:8,1
DA:9,1
DA:10,1
DA:11,1
DA:12,1
DA:13,1
DA:14,1
DA:15,1
DA:16,15
DA:17,15
DA:18,15
DA:19,15
DA:20,15
DA:21,8
DA:22,15
DA:23,15
DA:24,15
DA:25,15
DA:26,15
DA:27,6
DA:28,3
DA:29,3
DA:30,6
DA:31,6
DA:32,6
DA:33,15
DA:34,15
DA:35,7
DA:36,7
DA:37,7
DA:38,1
DA:39,1
DA:40,1
DA:41,1
DA:42,1
DA:43,1
DA:44,1
LF:44
LH:44
BRDA:15,0,0,15
BRDA:26,1,0,6
BRDA:34,2,0,1
BRDA:35,3,0,7
BRDA:20,4,0,9
BRDA:20,5,0,8
BRDA:21,6,0,2
BRDA:27,7,0,3
BRF:8
BRH:8
end_of_record
